<?xml version="1.0" encoding="UTF-8"?>
<!-- Generated by org.testng.reporters.JUnitReportReporter -->
<testsuite hostname="DESKTOP-K8CQSUT" failures="0" tests="1" name="excel.Excelintegration" time="4.467" errors="0" timestamp="2025-08-26T12:02:57 IST" skipped="0">
  <testcase classname="excel.Excelintegration" name="add" time="4.467"/>
</testsuite> <!-- excel.Excelintegration -->
