<?xml version="1.0" encoding="UTF-8"?>
<!-- Generated by org.testng.reporters.JUnitReportReporter -->
<testsuite hostname="ARJUNC01" failures="0" tests="1" name="excel.AddBookAPi" time="1.956" errors="0" timestamp="2025-08-25T19:29:00 IST" skipped="0">
  <testcase classname="excel.AddBookAPi" name="addBook" time="1.956"/>
</testsuite> <!-- excel.AddBookAPi -->
